2014/11/04 21:45:23 [error] [exception.CHttpException.404] exception 'CHttpException' with message 'Unable to resolve the request "css/bootstap/css/bootstrap.min.css".' in C:\MAMP\htdocs\comptour\framework\web\CWebApplication.php:286
Stack trace:
#0 C:\MAMP\htdocs\comptour\framework\web\CWebApplication.php(141): CWebApplication->runController('css/bootstap/cs...')
#1 C:\MAMP\htdocs\comptour\framework\base\CApplication.php(180): CWebApplication->processRequest()
#2 C:\MAMP\htdocs\comptour\app\index.php(13): CApplication->run()
#3 {main}
REQUEST_URI=/comptour/app/css/bootstap/css/bootstrap.min.css
HTTP_REFERER=http://localhost/comptour/app/
---
2014/11/04 22:24:25 [error] [exception.CHttpException.404] exception 'CHttpException' with message 'ระบบไม่สามารถดำเนินการ "css" ตามคำสั่งได้' in C:\MAMP\htdocs\comptour\framework\web\CController.php:483
Stack trace:
#0 C:\MAMP\htdocs\comptour\framework\web\CController.php(270): CController->missingAction('css')
#1 C:\MAMP\htdocs\comptour\framework\web\CWebApplication.php(282): CController->run('css')
#2 C:\MAMP\htdocs\comptour\framework\web\CWebApplication.php(141): CWebApplication->runController('site/css/bootst...')
#3 C:\MAMP\htdocs\comptour\framework\base\CApplication.php(180): CWebApplication->processRequest()
#4 C:\MAMP\htdocs\comptour\app\index.php(13): CApplication->run()
#5 {main}
REQUEST_URI=/comptour/app/index.php/site/css/bootstrap/js/jquery.min.js
HTTP_REFERER=http://localhost/comptour/app/index.php/site/index
---
2014/11/04 22:24:25 [error] [exception.CHttpException.404] exception 'CHttpException' with message 'ระบบไม่สามารถดำเนินการ "css" ตามคำสั่งได้' in C:\MAMP\htdocs\comptour\framework\web\CController.php:483
Stack trace:
#0 C:\MAMP\htdocs\comptour\framework\web\CController.php(270): CController->missingAction('css')
#1 C:\MAMP\htdocs\comptour\framework\web\CWebApplication.php(282): CController->run('css')
#2 C:\MAMP\htdocs\comptour\framework\web\CWebApplication.php(141): CWebApplication->runController('site/css/bootst...')
#3 C:\MAMP\htdocs\comptour\framework\base\CApplication.php(180): CWebApplication->processRequest()
#4 C:\MAMP\htdocs\comptour\app\index.php(13): CApplication->run()
#5 {main}
REQUEST_URI=/comptour/app/index.php/site/css/bootstrap/js/bootstrap.min.js
HTTP_REFERER=http://localhost/comptour/app/index.php/site/index
---
2014/11/04 22:24:25 [error] [exception.CHttpException.404] exception 'CHttpException' with message 'ระบบไม่สามารถดำเนินการ "images" ตามคำสั่งได้' in C:\MAMP\htdocs\comptour\framework\web\CController.php:483
Stack trace:
#0 C:\MAMP\htdocs\comptour\framework\web\CController.php(270): CController->missingAction('images')
#1 C:\MAMP\htdocs\comptour\framework\web\CWebApplication.php(282): CController->run('images')
#2 C:\MAMP\htdocs\comptour\framework\web\CWebApplication.php(141): CWebApplication->runController('site/images/log...')
#3 C:\MAMP\htdocs\comptour\framework\base\CApplication.php(180): CWebApplication->processRequest()
#4 C:\MAMP\htdocs\comptour\app\index.php(13): CApplication->run()
#5 {main}
REQUEST_URI=/comptour/app/index.php/site/images/logo.jpg
HTTP_REFERER=http://localhost/comptour/app/index.php/site/index
---
2014/11/04 22:24:25 [error] [exception.CHttpException.404] exception 'CHttpException' with message 'ระบบไม่สามารถดำเนินการ "css" ตามคำสั่งได้' in C:\MAMP\htdocs\comptour\framework\web\CController.php:483
Stack trace:
#0 C:\MAMP\htdocs\comptour\framework\web\CController.php(270): CController->missingAction('css')
#1 C:\MAMP\htdocs\comptour\framework\web\CWebApplication.php(282): CController->run('css')
#2 C:\MAMP\htdocs\comptour\framework\web\CWebApplication.php(141): CWebApplication->runController('site/css/bootst...')
#3 C:\MAMP\htdocs\comptour\framework\base\CApplication.php(180): CWebApplication->processRequest()
#4 C:\MAMP\htdocs\comptour\app\index.php(13): CApplication->run()
#5 {main}
REQUEST_URI=/comptour/app/index.php/site/css/bootstrap/css/bootstrap.min.css
HTTP_REFERER=http://localhost/comptour/app/index.php/site/index
---
2014/11/04 22:24:38 [error] [exception.CHttpException.404] exception 'CHttpException' with message 'ระบบไม่สามารถดำเนินการ "css" ตามคำสั่งได้' in C:\MAMP\htdocs\comptour\framework\web\CController.php:483
Stack trace:
#0 C:\MAMP\htdocs\comptour\framework\web\CController.php(270): CController->missingAction('css')
#1 C:\MAMP\htdocs\comptour\framework\web\CWebApplication.php(282): CController->run('css')
#2 C:\MAMP\htdocs\comptour\framework\web\CWebApplication.php(141): CWebApplication->runController('site/css/bootst...')
#3 C:\MAMP\htdocs\comptour\framework\base\CApplication.php(180): CWebApplication->processRequest()
#4 C:\MAMP\htdocs\comptour\app\index.php(13): CApplication->run()
#5 {main}
REQUEST_URI=/comptour/app/site/css/bootstrap/css/bootstrap.min.css
HTTP_REFERER=http://localhost/comptour/app/site/index
---
2014/11/04 22:24:38 [error] [exception.CHttpException.404] exception 'CHttpException' with message 'ระบบไม่สามารถดำเนินการ "css" ตามคำสั่งได้' in C:\MAMP\htdocs\comptour\framework\web\CController.php:483
Stack trace:
#0 C:\MAMP\htdocs\comptour\framework\web\CController.php(270): CController->missingAction('css')
#1 C:\MAMP\htdocs\comptour\framework\web\CWebApplication.php(282): CController->run('css')
#2 C:\MAMP\htdocs\comptour\framework\web\CWebApplication.php(141): CWebApplication->runController('site/css/bootst...')
#3 C:\MAMP\htdocs\comptour\framework\base\CApplication.php(180): CWebApplication->processRequest()
#4 C:\MAMP\htdocs\comptour\app\index.php(13): CApplication->run()
#5 {main}
REQUEST_URI=/comptour/app/site/css/bootstrap/js/jquery.min.js
HTTP_REFERER=http://localhost/comptour/app/site/index
---
2014/11/04 22:24:38 [error] [exception.CHttpException.404] exception 'CHttpException' with message 'ระบบไม่สามารถดำเนินการ "images" ตามคำสั่งได้' in C:\MAMP\htdocs\comptour\framework\web\CController.php:483
Stack trace:
#0 C:\MAMP\htdocs\comptour\framework\web\CController.php(270): CController->missingAction('images')
#1 C:\MAMP\htdocs\comptour\framework\web\CWebApplication.php(282): CController->run('images')
#2 C:\MAMP\htdocs\comptour\framework\web\CWebApplication.php(141): CWebApplication->runController('site/images/log...')
#3 C:\MAMP\htdocs\comptour\framework\base\CApplication.php(180): CWebApplication->processRequest()
#4 C:\MAMP\htdocs\comptour\app\index.php(13): CApplication->run()
#5 {main}
REQUEST_URI=/comptour/app/site/images/logo.jpg
HTTP_REFERER=http://localhost/comptour/app/site/index
---
2014/11/04 22:24:38 [error] [exception.CHttpException.404] exception 'CHttpException' with message 'ระบบไม่สามารถดำเนินการ "css" ตามคำสั่งได้' in C:\MAMP\htdocs\comptour\framework\web\CController.php:483
Stack trace:
#0 C:\MAMP\htdocs\comptour\framework\web\CController.php(270): CController->missingAction('css')
#1 C:\MAMP\htdocs\comptour\framework\web\CWebApplication.php(282): CController->run('css')
#2 C:\MAMP\htdocs\comptour\framework\web\CWebApplication.php(141): CWebApplication->runController('site/css/bootst...')
#3 C:\MAMP\htdocs\comptour\framework\base\CApplication.php(180): CWebApplication->processRequest()
#4 C:\MAMP\htdocs\comptour\app\index.php(13): CApplication->run()
#5 {main}
REQUEST_URI=/comptour/app/site/css/bootstrap/js/bootstrap.min.js
HTTP_REFERER=http://localhost/comptour/app/site/index
---
2014/11/04 22:24:45 [error] [exception.CHttpException.404] exception 'CHttpException' with message 'ระบบไม่สามารถดำเนินการ "css" ตามคำสั่งได้' in C:\MAMP\htdocs\comptour\framework\web\CController.php:483
Stack trace:
#0 C:\MAMP\htdocs\comptour\framework\web\CController.php(270): CController->missingAction('css')
#1 C:\MAMP\htdocs\comptour\framework\web\CWebApplication.php(282): CController->run('css')
#2 C:\MAMP\htdocs\comptour\framework\web\CWebApplication.php(141): CWebApplication->runController('site/css/bootst...')
#3 C:\MAMP\htdocs\comptour\framework\base\CApplication.php(180): CWebApplication->processRequest()
#4 C:\MAMP\htdocs\comptour\app\index.php(13): CApplication->run()
#5 {main}
REQUEST_URI=/comptour/app/site/css/bootstrap/css/bootstrap.min.css
HTTP_REFERER=http://localhost/comptour/app/site/contact
---
2014/11/04 22:24:45 [error] [exception.CHttpException.404] exception 'CHttpException' with message 'ระบบไม่สามารถดำเนินการ "css" ตามคำสั่งได้' in C:\MAMP\htdocs\comptour\framework\web\CController.php:483
Stack trace:
#0 C:\MAMP\htdocs\comptour\framework\web\CController.php(270): CController->missingAction('css')
#1 C:\MAMP\htdocs\comptour\framework\web\CWebApplication.php(282): CController->run('css')
#2 C:\MAMP\htdocs\comptour\framework\web\CWebApplication.php(141): CWebApplication->runController('site/css/bootst...')
#3 C:\MAMP\htdocs\comptour\framework\base\CApplication.php(180): CWebApplication->processRequest()
#4 C:\MAMP\htdocs\comptour\app\index.php(13): CApplication->run()
#5 {main}
REQUEST_URI=/comptour/app/site/css/bootstrap/js/bootstrap.min.js
HTTP_REFERER=http://localhost/comptour/app/site/contact
---
2014/11/04 22:24:45 [error] [exception.CHttpException.404] exception 'CHttpException' with message 'ระบบไม่สามารถดำเนินการ "css" ตามคำสั่งได้' in C:\MAMP\htdocs\comptour\framework\web\CController.php:483
Stack trace:
#0 C:\MAMP\htdocs\comptour\framework\web\CController.php(270): CController->missingAction('css')
#1 C:\MAMP\htdocs\comptour\framework\web\CWebApplication.php(282): CController->run('css')
#2 C:\MAMP\htdocs\comptour\framework\web\CWebApplication.php(141): CWebApplication->runController('site/css/bootst...')
#3 C:\MAMP\htdocs\comptour\framework\base\CApplication.php(180): CWebApplication->processRequest()
#4 C:\MAMP\htdocs\comptour\app\index.php(13): CApplication->run()
#5 {main}
REQUEST_URI=/comptour/app/site/css/bootstrap/js/jquery.min.js
HTTP_REFERER=http://localhost/comptour/app/site/contact
---
2014/11/04 22:24:55 [error] [exception.CHttpException.404] exception 'CHttpException' with message 'ระบบไม่สามารถดำเนินการ "css" ตามคำสั่งได้' in C:\MAMP\htdocs\comptour\framework\web\CController.php:483
Stack trace:
#0 C:\MAMP\htdocs\comptour\framework\web\CController.php(270): CController->missingAction('css')
#1 C:\MAMP\htdocs\comptour\framework\web\CWebApplication.php(282): CController->run('css')
#2 C:\MAMP\htdocs\comptour\framework\web\CWebApplication.php(141): CWebApplication->runController('site/css/bootst...')
#3 C:\MAMP\htdocs\comptour\framework\base\CApplication.php(180): CWebApplication->processRequest()
#4 C:\MAMP\htdocs\comptour\app\index.php(13): CApplication->run()
#5 {main}
REQUEST_URI=/comptour/app/index.php/site/css/bootstrap/css/bootstrap.min.css
HTTP_REFERER=http://localhost/comptour/app/index.php/site/contact
---
2014/11/04 22:24:55 [error] [exception.CHttpException.404] exception 'CHttpException' with message 'ระบบไม่สามารถดำเนินการ "css" ตามคำสั่งได้' in C:\MAMP\htdocs\comptour\framework\web\CController.php:483
Stack trace:
#0 C:\MAMP\htdocs\comptour\framework\web\CController.php(270): CController->missingAction('css')
#1 C:\MAMP\htdocs\comptour\framework\web\CWebApplication.php(282): CController->run('css')
#2 C:\MAMP\htdocs\comptour\framework\web\CWebApplication.php(141): CWebApplication->runController('site/css/bootst...')
#3 C:\MAMP\htdocs\comptour\framework\base\CApplication.php(180): CWebApplication->processRequest()
#4 C:\MAMP\htdocs\comptour\app\index.php(13): CApplication->run()
#5 {main}
REQUEST_URI=/comptour/app/index.php/site/css/bootstrap/js/bootstrap.min.js
HTTP_REFERER=http://localhost/comptour/app/index.php/site/contact
---
2014/11/04 22:24:55 [error] [exception.CHttpException.404] exception 'CHttpException' with message 'ระบบไม่สามารถดำเนินการ "css" ตามคำสั่งได้' in C:\MAMP\htdocs\comptour\framework\web\CController.php:483
Stack trace:
#0 C:\MAMP\htdocs\comptour\framework\web\CController.php(270): CController->missingAction('css')
#1 C:\MAMP\htdocs\comptour\framework\web\CWebApplication.php(282): CController->run('css')
#2 C:\MAMP\htdocs\comptour\framework\web\CWebApplication.php(141): CWebApplication->runController('site/css/bootst...')
#3 C:\MAMP\htdocs\comptour\framework\base\CApplication.php(180): CWebApplication->processRequest()
#4 C:\MAMP\htdocs\comptour\app\index.php(13): CApplication->run()
#5 {main}
REQUEST_URI=/comptour/app/index.php/site/css/bootstrap/js/jquery.min.js
HTTP_REFERER=http://localhost/comptour/app/index.php/site/contact
---
2014/11/04 22:25:08 [error] [exception.CHttpException.404] exception 'CHttpException' with message 'ระบบไม่สามารถดำเนินการ "images" ตามคำสั่งได้' in C:\MAMP\htdocs\comptour\framework\web\CController.php:483
Stack trace:
#0 C:\MAMP\htdocs\comptour\framework\web\CController.php(270): CController->missingAction('images')
#1 C:\MAMP\htdocs\comptour\framework\web\CWebApplication.php(282): CController->run('images')
#2 C:\MAMP\htdocs\comptour\framework\web\CWebApplication.php(141): CWebApplication->runController('site/images/log...')
#3 C:\MAMP\htdocs\comptour\framework\base\CApplication.php(180): CWebApplication->processRequest()
#4 C:\MAMP\htdocs\comptour\app\index.php(13): CApplication->run()
#5 {main}
REQUEST_URI=/comptour/app/site/images/logo.jpg
HTTP_REFERER=http://localhost/comptour/app/site/index
---
2014/11/04 22:25:09 [error] [exception.CHttpException.404] exception 'CHttpException' with message 'ระบบไม่สามารถดำเนินการ "images" ตามคำสั่งได้' in C:\MAMP\htdocs\comptour\framework\web\CController.php:483
Stack trace:
#0 C:\MAMP\htdocs\comptour\framework\web\CController.php(270): CController->missingAction('images')
#1 C:\MAMP\htdocs\comptour\framework\web\CWebApplication.php(282): CController->run('images')
#2 C:\MAMP\htdocs\comptour\framework\web\CWebApplication.php(141): CWebApplication->runController('site/images/log...')
#3 C:\MAMP\htdocs\comptour\framework\base\CApplication.php(180): CWebApplication->processRequest()
#4 C:\MAMP\htdocs\comptour\app\index.php(13): CApplication->run()
#5 {main}
REQUEST_URI=/comptour/app/index.php/site/images/logo.jpg
HTTP_REFERER=http://localhost/comptour/app/index.php/site/index
---
2014/11/05 08:55:27 [error] [exception.CDbException] exception 'CDbException' with message 'CDbConnection failed to open the DB connection: SQLSTATE[HY000] [1049] Unknown database 'spminth_sutcomptour5'' in C:\MAMP\htdocs\comptour\framework\db\CDbConnection.php:382
Stack trace:
#0 C:\MAMP\htdocs\comptour\framework\db\CDbConnection.php(330): CDbConnection->open()
#1 C:\MAMP\htdocs\comptour\framework\db\CDbConnection.php(308): CDbConnection->setActive(true)
#2 C:\MAMP\htdocs\comptour\framework\base\CModule.php(387): CDbConnection->init()
#3 C:\MAMP\htdocs\comptour\framework\base\CApplication.php(450): CModule->getComponent('db')
#4 C:\MAMP\htdocs\comptour\framework\db\ar\CActiveRecord.php(634): CApplication->getDb()
#5 C:\MAMP\htdocs\comptour\framework\db\ar\CActiveRecord.php(2361): CActiveRecord->getDbConnection()
#6 C:\MAMP\htdocs\comptour\framework\db\ar\CActiveRecord.php(411): CActiveRecordMetaData->__construct(Object(Teams))
#7 C:\MAMP\htdocs\comptour\framework\db\ar\CActiveRecord.php(79): CActiveRecord->getMetaData()
#8 C:\MAMP\htdocs\comptour\app\protected\controllers\SiteController.php(112): CActiveRecord->__construct()
#9 C:\MAMP\htdocs\comptour\framework\web\actions\CInlineAction.php(49): SiteController->actionRegistration()
#10 C:\MAMP\htdocs\comptour\framework\web\CController.php(308): CInlineAction->runWithParams(Array)
#11 C:\MAMP\htdocs\comptour\framework\web\CController.php(286): CController->runAction(Object(CInlineAction))
#12 C:\MAMP\htdocs\comptour\framework\web\CController.php(265): CController->runActionWithFilters(Object(CInlineAction), Array)
#13 C:\MAMP\htdocs\comptour\framework\web\CWebApplication.php(282): CController->run('Registration')
#14 C:\MAMP\htdocs\comptour\framework\web\CWebApplication.php(141): CWebApplication->runController('Site/Registrati...')
#15 C:\MAMP\htdocs\comptour\framework\base\CApplication.php(180): CWebApplication->processRequest()
#16 C:\MAMP\htdocs\comptour\app\index.php(13): CApplication->run()
#17 {main}
REQUEST_URI=/comptour/app/index.php?r=Site/Registration
HTTP_REFERER=http://localhost/comptour/app/
---
